0 info it worked if it ends with ok
1 verbose cli [ 'C:\\Program Files\\nodejs\\node.exe',
1 verbose cli   'C:\\Program Files\\nodejs\\node_modules\\npm\\bin\\npm-cli.js',
1 verbose cli   'start' ]
2 info using npm@2.14.7
3 info using node@v4.2.1
4 verbose run-script [ 'prestart', 'start', 'poststart' ]
5 info prestart angular2-bs4-navbar@0.0.1
6 info start angular2-bs4-navbar@0.0.1
7 verbose unsafe-perm in lifecycle true
8 info angular2-bs4-navbar@0.0.1 Failed to exec start script
9 verbose stack Error: angular2-bs4-navbar@0.0.1 start: `lite-server`
9 verbose stack Exit status 1
9 verbose stack     at EventEmitter.<anonymous> (C:\Program Files\nodejs\node_modules\npm\lib\utils\lifecycle.js:214:16)
9 verbose stack     at emitTwo (events.js:87:13)
9 verbose stack     at EventEmitter.emit (events.js:172:7)
9 verbose stack     at ChildProcess.<anonymous> (C:\Program Files\nodejs\node_modules\npm\lib\utils\spawn.js:24:14)
9 verbose stack     at emitTwo (events.js:87:13)
9 verbose stack     at ChildProcess.emit (events.js:172:7)
9 verbose stack     at maybeClose (internal/child_process.js:818:16)
9 verbose stack     at Process.ChildProcess._handle.onexit (internal/child_process.js:211:5)
10 verbose pkgid angular2-bs4-navbar@0.0.1
11 verbose cwd D:\RnD\angular2\angular2-bs4-navbar
12 error Windows_NT 6.1.7601
13 error argv "C:\\Program Files\\nodejs\\node.exe" "C:\\Program Files\\nodejs\\node_modules\\npm\\bin\\npm-cli.js" "start"
14 error node v4.2.1
15 error npm  v2.14.7
16 error code ELIFECYCLE
17 error angular2-bs4-navbar@0.0.1 start: `lite-server`
17 error Exit status 1
18 error Failed at the angular2-bs4-navbar@0.0.1 start script 'lite-server'.
18 error This is most likely a problem with the angular2-bs4-navbar package,
18 error not with npm itself.
18 error Tell the author that this fails on your system:
18 error     lite-server
18 error You can get their info via:
18 error     npm owner ls angular2-bs4-navbar
18 error There is likely additional logging output above.
19 verbose exit [ 1, true ]
